/*C3*/SET SCHEMA PUBLIC
drop table hotel_booking if exists
drop sequence hibernate_sequence if exists
create sequence hibernate_sequence start with 1 increment by 1
create table hotel_booking (id bigint not null, hotel_name varchar(255), nb_of_nights integer not null, price_per_night double not null, primary key (id))
INSERT INTO HOTEL_BOOKING VALUES(1,'Marriot',3,200.5E0)
ALTER SEQUENCE PUBLIC.HIBERNATE_SEQUENCE RESTART WITH 2
COMMIT
INSERT INTO HOTEL_BOOKING VALUES(2,'Ibis',4,90.0E0)
ALTER SEQUENCE PUBLIC.HIBERNATE_SEQUENCE RESTART WITH 3
COMMIT
INSERT INTO HOTEL_BOOKING VALUES(3,'Novotel',1,140.74E0)
ALTER SEQUENCE PUBLIC.HIBERNATE_SEQUENCE RESTART WITH 4
COMMIT
INSERT INTO HOTEL_BOOKING VALUES(4,'Small-Star',3,55.0E0)
ALTER SEQUENCE PUBLIC.HIBERNATE_SEQUENCE RESTART WITH 5
COMMIT
INSERT INTO HOTEL_BOOKING VALUES(5,'Big-Star',2,340.0E0)
ALTER SEQUENCE PUBLIC.HIBERNATE_SEQUENCE RESTART WITH 6
COMMIT
DELETE FROM HOTEL_BOOKING WHERE ID=4
COMMIT
INSERT INTO HOTEL_BOOKING VALUES(6,'Medium-Star',3,260.0E0)
ALTER SEQUENCE PUBLIC.HIBERNATE_SEQUENCE RESTART WITH 7
COMMIT
